{"level":"info","message":"::1 - - [08/May/2017:03:27:33 +0000] \"OPTIONS /token HTTP/1.1\" 204 -\n","timestamp":"2017-05-08T03:27:33.401Z"}
{"level":"info","message":"::1 - - [08/May/2017:03:28:47 +0000] \"OPTIONS /users HTTP/1.1\" 204 -\n","timestamp":"2017-05-08T03:28:47.370Z"}
{"level":"info","message":"::1 - - [08/May/2017:03:28:57 +0000] \"OPTIONS /users HTTP/1.1\" 204 -\n","timestamp":"2017-05-08T03:28:57.363Z"}
{"level":"info","message":"::1 - - [08/May/2017:03:29:54 +0000] \"OPTIONS /users HTTP/1.1\" 204 -\n","timestamp":"2017-05-08T03:29:54.163Z"}
{"level":"info","message":"::1 - - [08/May/2017:03:32:59 +0000] \"OPTIONS /token HTTP/1.1\" 204 -\n","timestamp":"2017-05-08T03:32:59.118Z"}
{"level":"info","message":"[Sun May 07 2017 20:32:59 GMT-0700 (PDT)]Executing (default): SELECT `id`, `name`, `password`, `email`, `created_at`, `updated_at` FROM `Users` AS `Users` WHERE `Users`.`email` = 'nn_479@163.com' LIMIT 1;","timestamp":"2017-05-08T03:32:59.232Z"}
{"level":"info","message":"::1 - - [08/May/2017:03:32:59 +0000] \"POST /token HTTP/1.1\" 401 12\n","timestamp":"2017-05-08T03:32:59.310Z"}
{"level":"info","message":"::1 - - [08/May/2017:03:33:04 +0000] \"OPTIONS /token HTTP/1.1\" 204 -\n","timestamp":"2017-05-08T03:33:04.753Z"}
{"level":"info","message":"[Sun May 07 2017 20:33:04 GMT-0700 (PDT)]Executing (default): SELECT `id`, `name`, `password`, `email`, `created_at`, `updated_at` FROM `Users` AS `Users` WHERE `Users`.`email` = 'nn_479@163.com' LIMIT 1;","timestamp":"2017-05-08T03:33:04.768Z"}
{"level":"info","message":"::1 - - [08/May/2017:03:33:04 +0000] \"POST /token HTTP/1.1\" 200 114\n","timestamp":"2017-05-08T03:33:04.854Z"}
{"level":"info","message":"::1 - - [08/May/2017:03:33:04 +0000] \"OPTIONS /tasks HTTP/1.1\" 204 -\n","timestamp":"2017-05-08T03:33:04.875Z"}
{"level":"info","message":"[Sun May 07 2017 20:33:04 GMT-0700 (PDT)]Executing (default): SELECT `id`, `name`, `password`, `email`, `created_at`, `updated_at` FROM `Users` AS `Users` WHERE `Users`.`id` = 184;","timestamp":"2017-05-08T03:33:04.903Z"}
{"level":"info","message":"[Sun May 07 2017 20:33:04 GMT-0700 (PDT)]Executing (default): SELECT `id`, `title`, `done`, `created_at`, `updated_at`, `user_id` FROM `Tasks` AS `Tasks` WHERE `Tasks`.`user_id` = 184;","timestamp":"2017-05-08T03:33:04.908Z"}
{"level":"info","message":"::1 - - [08/May/2017:03:33:04 +0000] \"GET /tasks HTTP/1.1\" 200 2\n","timestamp":"2017-05-08T03:33:04.920Z"}
{"level":"info","message":"::1 - - [08/May/2017:03:34:14 +0000] \"OPTIONS /token HTTP/1.1\" 204 -\n","timestamp":"2017-05-08T03:34:14.330Z"}
{"level":"info","message":"[Sun May 07 2017 20:34:14 GMT-0700 (PDT)]Executing (default): SELECT `id`, `name`, `password`, `email`, `created_at`, `updated_at` FROM `Users` AS `Users` WHERE `Users`.`email` = 'nn_479@163.com' LIMIT 1;","timestamp":"2017-05-08T03:34:14.340Z"}
{"level":"info","message":"::1 - - [08/May/2017:03:34:14 +0000] \"POST /token HTTP/1.1\" 200 114\n","timestamp":"2017-05-08T03:34:14.438Z"}
{"level":"info","message":"::1 - - [08/May/2017:03:34:14 +0000] \"OPTIONS /tasks HTTP/1.1\" 204 -\n","timestamp":"2017-05-08T03:34:14.448Z"}
{"level":"info","message":"[Sun May 07 2017 20:34:14 GMT-0700 (PDT)]Executing (default): SELECT `id`, `name`, `password`, `email`, `created_at`, `updated_at` FROM `Users` AS `Users` WHERE `Users`.`id` = 184;","timestamp":"2017-05-08T03:34:14.456Z"}
{"level":"info","message":"[Sun May 07 2017 20:34:14 GMT-0700 (PDT)]Executing (default): SELECT `id`, `title`, `done`, `created_at`, `updated_at`, `user_id` FROM `Tasks` AS `Tasks` WHERE `Tasks`.`user_id` = 184;","timestamp":"2017-05-08T03:34:14.462Z"}
{"level":"info","message":"::1 - - [08/May/2017:03:34:14 +0000] \"GET /tasks HTTP/1.1\" 200 2\n","timestamp":"2017-05-08T03:34:14.470Z"}
{"level":"info","message":"::1 - - [08/May/2017:03:34:21 +0000] \"OPTIONS /tasks HTTP/1.1\" 204 -\n","timestamp":"2017-05-08T03:34:21.882Z"}
{"level":"info","message":"[Sun May 07 2017 20:34:21 GMT-0700 (PDT)]Executing (default): SELECT `id`, `name`, `password`, `email`, `created_at`, `updated_at` FROM `Users` AS `Users` WHERE `Users`.`id` = 184;","timestamp":"2017-05-08T03:34:21.890Z"}
{"level":"info","message":"[Sun May 07 2017 20:34:21 GMT-0700 (PDT)]Executing (default): INSERT INTO `Tasks` (`id`,`title`,`done`,`user_id`,`updated_at`,`created_at`) VALUES (NULL,'test',0,184,'2017-05-08 03:34:21.899 +00:00','2017-05-08 03:34:21.899 +00:00');","timestamp":"2017-05-08T03:34:21.906Z"}
{"level":"info","message":"::1 - - [08/May/2017:03:34:21 +0000] \"POST /tasks HTTP/1.1\" 200 168\n","timestamp":"2017-05-08T03:34:21.978Z"}
{"level":"info","message":"::1 - - [08/May/2017:03:34:22 +0000] \"OPTIONS /tasks HTTP/1.1\" 204 -\n","timestamp":"2017-05-08T03:34:22.003Z"}
{"level":"info","message":"[Sun May 07 2017 20:34:22 GMT-0700 (PDT)]Executing (default): SELECT `id`, `name`, `password`, `email`, `created_at`, `updated_at` FROM `Users` AS `Users` WHERE `Users`.`id` = 184;","timestamp":"2017-05-08T03:34:22.015Z"}
{"level":"info","message":"[Sun May 07 2017 20:34:22 GMT-0700 (PDT)]Executing (default): SELECT `id`, `title`, `done`, `created_at`, `updated_at`, `user_id` FROM `Tasks` AS `Tasks` WHERE `Tasks`.`user_id` = 184;","timestamp":"2017-05-08T03:34:22.019Z"}
{"level":"info","message":"::1 - - [08/May/2017:03:34:22 +0000] \"GET /tasks HTTP/1.1\" 200 204\n","timestamp":"2017-05-08T03:34:22.027Z"}
{"level":"info","message":"::1 - - [08/May/2017:03:34:23 +0000] \"OPTIONS /tasks/15 HTTP/1.1\" 204 -\n","timestamp":"2017-05-08T03:34:23.546Z"}
{"level":"info","message":"[Sun May 07 2017 20:34:23 GMT-0700 (PDT)]Executing (default): SELECT `id`, `name`, `password`, `email`, `created_at`, `updated_at` FROM `Users` AS `Users` WHERE `Users`.`id` = 184;","timestamp":"2017-05-08T03:34:23.558Z"}
{"level":"info","message":"[Sun May 07 2017 20:34:23 GMT-0700 (PDT)]Executing (default): UPDATE `Tasks` SET `done`=1,`updated_at`='2017-05-08 03:34:23.563 +00:00' WHERE `id` = '15' AND `user_id` = 184","timestamp":"2017-05-08T03:34:23.571Z"}
{"level":"info","message":"::1 - - [08/May/2017:03:34:23 +0000] \"PUT /tasks/15 HTTP/1.1\" 204 -\n","timestamp":"2017-05-08T03:34:23.579Z"}
{"level":"info","message":"::1 - - [08/May/2017:03:34:23 +0000] \"OPTIONS /tasks HTTP/1.1\" 204 -\n","timestamp":"2017-05-08T03:34:23.584Z"}
{"level":"info","message":"[Sun May 07 2017 20:34:23 GMT-0700 (PDT)]Executing (default): SELECT `id`, `name`, `password`, `email`, `created_at`, `updated_at` FROM `Users` AS `Users` WHERE `Users`.`id` = 184;","timestamp":"2017-05-08T03:34:23.590Z"}
{"level":"info","message":"[Sun May 07 2017 20:34:23 GMT-0700 (PDT)]Executing (default): SELECT `id`, `title`, `done`, `created_at`, `updated_at`, `user_id` FROM `Tasks` AS `Tasks` WHERE `Tasks`.`user_id` = 184;","timestamp":"2017-05-08T03:34:23.594Z"}
{"level":"info","message":"::1 - - [08/May/2017:03:34:23 +0000] \"GET /tasks HTTP/1.1\" 200 203\n","timestamp":"2017-05-08T03:34:23.595Z"}
{"level":"info","message":"::1 - - [08/May/2017:03:34:25 +0000] \"OPTIONS /tasks/15 HTTP/1.1\" 204 -\n","timestamp":"2017-05-08T03:34:25.275Z"}
{"level":"info","message":"[Sun May 07 2017 20:34:25 GMT-0700 (PDT)]Executing (default): SELECT `id`, `name`, `password`, `email`, `created_at`, `updated_at` FROM `Users` AS `Users` WHERE `Users`.`id` = 184;","timestamp":"2017-05-08T03:34:25.282Z"}
{"level":"info","message":"[Sun May 07 2017 20:34:25 GMT-0700 (PDT)]Executing (default): UPDATE `Tasks` SET `done`=0,`updated_at`='2017-05-08 03:34:25.285 +00:00' WHERE `id` = '15' AND `user_id` = 184","timestamp":"2017-05-08T03:34:25.289Z"}
{"level":"info","message":"::1 - - [08/May/2017:03:34:25 +0000] \"PUT /tasks/15 HTTP/1.1\" 204 -\n","timestamp":"2017-05-08T03:34:25.300Z"}
{"level":"info","message":"::1 - - [08/May/2017:03:34:25 +0000] \"OPTIONS /tasks HTTP/1.1\" 204 -\n","timestamp":"2017-05-08T03:34:25.312Z"}
{"level":"info","message":"[Sun May 07 2017 20:34:25 GMT-0700 (PDT)]Executing (default): SELECT `id`, `name`, `password`, `email`, `created_at`, `updated_at` FROM `Users` AS `Users` WHERE `Users`.`id` = 184;","timestamp":"2017-05-08T03:34:25.322Z"}
{"level":"info","message":"[Sun May 07 2017 20:34:25 GMT-0700 (PDT)]Executing (default): SELECT `id`, `title`, `done`, `created_at`, `updated_at`, `user_id` FROM `Tasks` AS `Tasks` WHERE `Tasks`.`user_id` = 184;","timestamp":"2017-05-08T03:34:25.326Z"}
{"level":"info","message":"::1 - - [08/May/2017:03:34:25 +0000] \"GET /tasks HTTP/1.1\" 200 204\n","timestamp":"2017-05-08T03:34:25.335Z"}
{"level":"info","message":"::1 - - [08/May/2017:03:34:26 +0000] \"OPTIONS /tasks/15 HTTP/1.1\" 204 -\n","timestamp":"2017-05-08T03:34:26.413Z"}
{"level":"info","message":"[Sun May 07 2017 20:34:26 GMT-0700 (PDT)]Executing (default): SELECT `id`, `name`, `password`, `email`, `created_at`, `updated_at` FROM `Users` AS `Users` WHERE `Users`.`id` = 184;","timestamp":"2017-05-08T03:34:26.427Z"}
{"level":"info","message":"[Sun May 07 2017 20:34:26 GMT-0700 (PDT)]Executing (default): UPDATE `Tasks` SET `done`=1,`updated_at`='2017-05-08 03:34:26.429 +00:00' WHERE `id` = '15' AND `user_id` = 184","timestamp":"2017-05-08T03:34:26.431Z"}
{"level":"info","message":"::1 - - [08/May/2017:03:34:26 +0000] \"PUT /tasks/15 HTTP/1.1\" 204 -\n","timestamp":"2017-05-08T03:34:26.474Z"}
{"level":"info","message":"::1 - - [08/May/2017:03:34:26 +0000] \"OPTIONS /tasks HTTP/1.1\" 204 -\n","timestamp":"2017-05-08T03:34:26.476Z"}
{"level":"info","message":"[Sun May 07 2017 20:34:26 GMT-0700 (PDT)]Executing (default): SELECT `id`, `name`, `password`, `email`, `created_at`, `updated_at` FROM `Users` AS `Users` WHERE `Users`.`id` = 184;","timestamp":"2017-05-08T03:34:26.485Z"}
{"level":"info","message":"[Sun May 07 2017 20:34:26 GMT-0700 (PDT)]Executing (default): SELECT `id`, `title`, `done`, `created_at`, `updated_at`, `user_id` FROM `Tasks` AS `Tasks` WHERE `Tasks`.`user_id` = 184;","timestamp":"2017-05-08T03:34:26.491Z"}
{"level":"info","message":"::1 - - [08/May/2017:03:34:26 +0000] \"GET /tasks HTTP/1.1\" 200 203\n","timestamp":"2017-05-08T03:34:26.495Z"}
{"level":"info","message":"::1 - - [08/May/2017:03:34:27 +0000] \"OPTIONS /tasks/15 HTTP/1.1\" 204 -\n","timestamp":"2017-05-08T03:34:27.155Z"}
{"level":"info","message":"[Sun May 07 2017 20:34:27 GMT-0700 (PDT)]Executing (default): SELECT `id`, `name`, `password`, `email`, `created_at`, `updated_at` FROM `Users` AS `Users` WHERE `Users`.`id` = 184;","timestamp":"2017-05-08T03:34:27.168Z"}
{"level":"info","message":"[Sun May 07 2017 20:34:27 GMT-0700 (PDT)]Executing (default): UPDATE `Tasks` SET `done`=0,`updated_at`='2017-05-08 03:34:27.171 +00:00' WHERE `id` = '15' AND `user_id` = 184","timestamp":"2017-05-08T03:34:27.174Z"}
{"level":"info","message":"::1 - - [08/May/2017:03:34:27 +0000] \"PUT /tasks/15 HTTP/1.1\" 204 -\n","timestamp":"2017-05-08T03:34:27.180Z"}
{"level":"info","message":"::1 - - [08/May/2017:03:34:27 +0000] \"OPTIONS /tasks HTTP/1.1\" 204 -\n","timestamp":"2017-05-08T03:34:27.185Z"}
{"level":"info","message":"[Sun May 07 2017 20:34:27 GMT-0700 (PDT)]Executing (default): SELECT `id`, `name`, `password`, `email`, `created_at`, `updated_at` FROM `Users` AS `Users` WHERE `Users`.`id` = 184;","timestamp":"2017-05-08T03:34:27.193Z"}
{"level":"info","message":"[Sun May 07 2017 20:34:27 GMT-0700 (PDT)]Executing (default): SELECT `id`, `title`, `done`, `created_at`, `updated_at`, `user_id` FROM `Tasks` AS `Tasks` WHERE `Tasks`.`user_id` = 184;","timestamp":"2017-05-08T03:34:27.197Z"}
{"level":"info","message":"::1 - - [08/May/2017:03:34:27 +0000] \"GET /tasks HTTP/1.1\" 200 204\n","timestamp":"2017-05-08T03:34:27.200Z"}
{"level":"info","message":"::1 - - [08/May/2017:03:34:30 +0000] \"OPTIONS /tasks/15 HTTP/1.1\" 204 -\n","timestamp":"2017-05-08T03:34:30.034Z"}
{"level":"info","message":"[Sun May 07 2017 20:34:30 GMT-0700 (PDT)]Executing (default): SELECT `id`, `name`, `password`, `email`, `created_at`, `updated_at` FROM `Users` AS `Users` WHERE `Users`.`id` = 184;","timestamp":"2017-05-08T03:34:30.056Z"}
{"level":"info","message":"[Sun May 07 2017 20:34:30 GMT-0700 (PDT)]Executing (default): DELETE FROM `Tasks` WHERE `id` = '15' AND `user_id` = 184","timestamp":"2017-05-08T03:34:30.064Z"}
{"level":"info","message":"::1 - - [08/May/2017:03:34:30 +0000] \"DELETE /tasks/15 HTTP/1.1\" 204 -\n","timestamp":"2017-05-08T03:34:30.076Z"}
{"level":"info","message":"::1 - - [08/May/2017:03:34:30 +0000] \"OPTIONS /tasks HTTP/1.1\" 204 -\n","timestamp":"2017-05-08T03:34:30.082Z"}
{"level":"info","message":"[Sun May 07 2017 20:34:30 GMT-0700 (PDT)]Executing (default): SELECT `id`, `name`, `password`, `email`, `created_at`, `updated_at` FROM `Users` AS `Users` WHERE `Users`.`id` = 184;","timestamp":"2017-05-08T03:34:30.094Z"}
{"level":"info","message":"[Sun May 07 2017 20:34:30 GMT-0700 (PDT)]Executing (default): SELECT `id`, `title`, `done`, `created_at`, `updated_at`, `user_id` FROM `Tasks` AS `Tasks` WHERE `Tasks`.`user_id` = 184;","timestamp":"2017-05-08T03:34:30.099Z"}
{"level":"info","message":"::1 - - [08/May/2017:03:34:30 +0000] \"GET /tasks HTTP/1.1\" 200 2\n","timestamp":"2017-05-08T03:34:30.106Z"}
{"level":"info","message":"::1 - - [08/May/2017:03:34:35 +0000] \"OPTIONS /tasks HTTP/1.1\" 204 -\n","timestamp":"2017-05-08T03:34:35.645Z"}
{"level":"info","message":"[Sun May 07 2017 20:34:35 GMT-0700 (PDT)]Executing (default): SELECT `id`, `name`, `password`, `email`, `created_at`, `updated_at` FROM `Users` AS `Users` WHERE `Users`.`id` = 184;","timestamp":"2017-05-08T03:34:35.660Z"}
{"level":"info","message":"[Sun May 07 2017 20:34:35 GMT-0700 (PDT)]Executing (default): INSERT INTO `Tasks` (`id`,`title`,`done`,`user_id`,`updated_at`,`created_at`) VALUES (NULL,'test',0,184,'2017-05-08 03:34:35.665 +00:00','2017-05-08 03:34:35.665 +00:00');","timestamp":"2017-05-08T03:34:35.668Z"}
{"level":"info","message":"::1 - - [08/May/2017:03:34:35 +0000] \"POST /tasks HTTP/1.1\" 200 168\n","timestamp":"2017-05-08T03:34:35.679Z"}
{"level":"info","message":"::1 - - [08/May/2017:03:34:35 +0000] \"OPTIONS /tasks HTTP/1.1\" 204 -\n","timestamp":"2017-05-08T03:34:35.688Z"}
{"level":"info","message":"[Sun May 07 2017 20:34:35 GMT-0700 (PDT)]Executing (default): SELECT `id`, `name`, `password`, `email`, `created_at`, `updated_at` FROM `Users` AS `Users` WHERE `Users`.`id` = 184;","timestamp":"2017-05-08T03:34:35.701Z"}
{"level":"info","message":"[Sun May 07 2017 20:34:35 GMT-0700 (PDT)]Executing (default): SELECT `id`, `title`, `done`, `created_at`, `updated_at`, `user_id` FROM `Tasks` AS `Tasks` WHERE `Tasks`.`user_id` = 184;","timestamp":"2017-05-08T03:34:35.704Z"}
{"level":"info","message":"::1 - - [08/May/2017:03:34:35 +0000] \"GET /tasks HTTP/1.1\" 200 204\n","timestamp":"2017-05-08T03:34:35.709Z"}
{"level":"info","message":"::1 - - [08/May/2017:03:34:37 +0000] \"OPTIONS /user HTTP/1.1\" 204 -\n","timestamp":"2017-05-08T03:34:37.124Z"}
{"level":"info","message":"[Sun May 07 2017 20:34:37 GMT-0700 (PDT)]Executing (default): SELECT `id`, `name`, `password`, `email`, `created_at`, `updated_at` FROM `Users` AS `Users` WHERE `Users`.`id` = 184;","timestamp":"2017-05-08T03:34:37.154Z"}
{"level":"info","message":"[Sun May 07 2017 20:34:37 GMT-0700 (PDT)]Executing (default): SELECT `id`, `name`, `email` FROM `Users` AS `Users` WHERE `Users`.`id` = 184;","timestamp":"2017-05-08T03:34:37.164Z"}
{"level":"info","message":"::1 - - [08/May/2017:03:34:37 +0000] \"GET /user HTTP/1.1\" 200 69\n","timestamp":"2017-05-08T03:34:37.167Z"}
{"level":"info","message":"::1 - - [08/May/2017:03:34:58 +0000] \"OPTIONS /token HTTP/1.1\" 204 -\n","timestamp":"2017-05-08T03:34:58.782Z"}
{"level":"info","message":"[Sun May 07 2017 20:34:58 GMT-0700 (PDT)]Executing (default): SELECT `id`, `name`, `password`, `email`, `created_at`, `updated_at` FROM `Users` AS `Users` WHERE `Users`.`email` = 'amies.shen@gmail.com' LIMIT 1;","timestamp":"2017-05-08T03:34:58.796Z"}
{"level":"info","message":"::1 - - [08/May/2017:03:34:58 +0000] \"POST /token HTTP/1.1\" 200 114\n","timestamp":"2017-05-08T03:34:58.885Z"}
{"level":"info","message":"::1 - - [08/May/2017:03:34:58 +0000] \"OPTIONS /tasks HTTP/1.1\" 204 -\n","timestamp":"2017-05-08T03:34:58.897Z"}
{"level":"info","message":"[Sun May 07 2017 20:34:58 GMT-0700 (PDT)]Executing (default): SELECT `id`, `name`, `password`, `email`, `created_at`, `updated_at` FROM `Users` AS `Users` WHERE `Users`.`id` = 186;","timestamp":"2017-05-08T03:34:58.909Z"}
{"level":"info","message":"[Sun May 07 2017 20:34:58 GMT-0700 (PDT)]Executing (default): SELECT `id`, `title`, `done`, `created_at`, `updated_at`, `user_id` FROM `Tasks` AS `Tasks` WHERE `Tasks`.`user_id` = 186;","timestamp":"2017-05-08T03:34:58.912Z"}
{"level":"info","message":"::1 - - [08/May/2017:03:34:58 +0000] \"GET /tasks HTTP/1.1\" 200 2\n","timestamp":"2017-05-08T03:34:58.915Z"}
{"level":"info","message":"::1 - - [08/May/2017:03:35:07 +0000] \"OPTIONS /tasks HTTP/1.1\" 204 -\n","timestamp":"2017-05-08T03:35:07.300Z"}
{"level":"info","message":"[Sun May 07 2017 20:35:07 GMT-0700 (PDT)]Executing (default): SELECT `id`, `name`, `password`, `email`, `created_at`, `updated_at` FROM `Users` AS `Users` WHERE `Users`.`id` = 186;","timestamp":"2017-05-08T03:35:07.314Z"}
{"level":"info","message":"[Sun May 07 2017 20:35:07 GMT-0700 (PDT)]Executing (default): INSERT INTO `Tasks` (`id`,`title`,`done`,`user_id`,`updated_at`,`created_at`) VALUES (NULL,'haha',0,186,'2017-05-08 03:35:07.321 +00:00','2017-05-08 03:35:07.321 +00:00');","timestamp":"2017-05-08T03:35:07.327Z"}
{"level":"info","message":"::1 - - [08/May/2017:03:35:07 +0000] \"POST /tasks HTTP/1.1\" 200 168\n","timestamp":"2017-05-08T03:35:07.344Z"}
{"level":"info","message":"::1 - - [08/May/2017:03:35:07 +0000] \"OPTIONS /tasks HTTP/1.1\" 204 -\n","timestamp":"2017-05-08T03:35:07.347Z"}
{"level":"info","message":"[Sun May 07 2017 20:35:07 GMT-0700 (PDT)]Executing (default): SELECT `id`, `name`, `password`, `email`, `created_at`, `updated_at` FROM `Users` AS `Users` WHERE `Users`.`id` = 186;","timestamp":"2017-05-08T03:35:07.361Z"}
{"level":"info","message":"[Sun May 07 2017 20:35:07 GMT-0700 (PDT)]Executing (default): SELECT `id`, `title`, `done`, `created_at`, `updated_at`, `user_id` FROM `Tasks` AS `Tasks` WHERE `Tasks`.`user_id` = 186;","timestamp":"2017-05-08T03:35:07.364Z"}
{"level":"info","message":"::1 - - [08/May/2017:03:35:07 +0000] \"GET /tasks HTTP/1.1\" 200 204\n","timestamp":"2017-05-08T03:35:07.367Z"}
{"level":"info","message":"::1 - - [08/May/2017:03:35:10 +0000] \"OPTIONS /tasks/17 HTTP/1.1\" 204 -\n","timestamp":"2017-05-08T03:35:10.003Z"}
{"level":"info","message":"[Sun May 07 2017 20:35:10 GMT-0700 (PDT)]Executing (default): SELECT `id`, `name`, `password`, `email`, `created_at`, `updated_at` FROM `Users` AS `Users` WHERE `Users`.`id` = 186;","timestamp":"2017-05-08T03:35:10.028Z"}
{"level":"info","message":"[Sun May 07 2017 20:35:10 GMT-0700 (PDT)]Executing (default): UPDATE `Tasks` SET `done`=1,`updated_at`='2017-05-08 03:35:10.031 +00:00' WHERE `id` = '17' AND `user_id` = 186","timestamp":"2017-05-08T03:35:10.039Z"}
{"level":"info","message":"::1 - - [08/May/2017:03:35:10 +0000] \"PUT /tasks/17 HTTP/1.1\" 204 -\n","timestamp":"2017-05-08T03:35:10.046Z"}
{"level":"info","message":"::1 - - [08/May/2017:03:35:10 +0000] \"OPTIONS /tasks HTTP/1.1\" 204 -\n","timestamp":"2017-05-08T03:35:10.052Z"}
{"level":"info","message":"[Sun May 07 2017 20:35:10 GMT-0700 (PDT)]Executing (default): SELECT `id`, `name`, `password`, `email`, `created_at`, `updated_at` FROM `Users` AS `Users` WHERE `Users`.`id` = 186;","timestamp":"2017-05-08T03:35:10.062Z"}
{"level":"info","message":"[Sun May 07 2017 20:35:10 GMT-0700 (PDT)]Executing (default): SELECT `id`, `title`, `done`, `created_at`, `updated_at`, `user_id` FROM `Tasks` AS `Tasks` WHERE `Tasks`.`user_id` = 186;","timestamp":"2017-05-08T03:35:10.065Z"}
{"level":"info","message":"::1 - - [08/May/2017:03:35:10 +0000] \"GET /tasks HTTP/1.1\" 200 203\n","timestamp":"2017-05-08T03:35:10.067Z"}
{"level":"info","message":"::1 - - [08/May/2017:03:35:12 +0000] \"OPTIONS /tasks HTTP/1.1\" 204 -\n","timestamp":"2017-05-08T03:35:12.439Z"}
{"level":"info","message":"[Sun May 07 2017 20:35:12 GMT-0700 (PDT)]Executing (default): SELECT `id`, `name`, `password`, `email`, `created_at`, `updated_at` FROM `Users` AS `Users` WHERE `Users`.`id` = 186;","timestamp":"2017-05-08T03:35:12.453Z"}
{"level":"info","message":"[Sun May 07 2017 20:35:12 GMT-0700 (PDT)]Executing (default): SELECT `id`, `title`, `done`, `created_at`, `updated_at`, `user_id` FROM `Tasks` AS `Tasks` WHERE `Tasks`.`user_id` = 186;","timestamp":"2017-05-08T03:35:12.464Z"}
{"level":"info","message":"::1 - - [08/May/2017:03:35:12 +0000] \"GET /tasks HTTP/1.1\" 200 203\n","timestamp":"2017-05-08T03:35:12.475Z"}
{"level":"info","message":"::1 - - [08/May/2017:03:35:16 +0000] \"OPTIONS /user HTTP/1.1\" 204 -\n","timestamp":"2017-05-08T03:35:16.557Z"}
{"level":"info","message":"[Sun May 07 2017 20:35:16 GMT-0700 (PDT)]Executing (default): SELECT `id`, `name`, `password`, `email`, `created_at`, `updated_at` FROM `Users` AS `Users` WHERE `Users`.`id` = 186;","timestamp":"2017-05-08T03:35:16.583Z"}
{"level":"info","message":"[Sun May 07 2017 20:35:16 GMT-0700 (PDT)]Executing (default): SELECT `id`, `name`, `email` FROM `Users` AS `Users` WHERE `Users`.`id` = 186;","timestamp":"2017-05-08T03:35:16.589Z"}
{"level":"info","message":"::1 - - [08/May/2017:03:35:16 +0000] \"GET /user HTTP/1.1\" 200 75\n","timestamp":"2017-05-08T03:35:16.600Z"}
{"level":"info","message":"::1 - - [08/May/2017:03:35:30 +0000] \"OPTIONS /token HTTP/1.1\" 204 -\n","timestamp":"2017-05-08T03:35:30.697Z"}
{"level":"info","message":"[Sun May 07 2017 20:35:30 GMT-0700 (PDT)]Executing (default): SELECT `id`, `name`, `password`, `email`, `created_at`, `updated_at` FROM `Users` AS `Users` WHERE `Users`.`email` = 'nn_479@163.com' LIMIT 1;","timestamp":"2017-05-08T03:35:30.707Z"}
{"level":"info","message":"::1 - - [08/May/2017:03:35:30 +0000] \"POST /token HTTP/1.1\" 200 114\n","timestamp":"2017-05-08T03:35:30.791Z"}
{"level":"info","message":"::1 - - [08/May/2017:03:35:30 +0000] \"OPTIONS /tasks HTTP/1.1\" 204 -\n","timestamp":"2017-05-08T03:35:30.798Z"}
{"level":"info","message":"[Sun May 07 2017 20:35:30 GMT-0700 (PDT)]Executing (default): SELECT `id`, `name`, `password`, `email`, `created_at`, `updated_at` FROM `Users` AS `Users` WHERE `Users`.`id` = 184;","timestamp":"2017-05-08T03:35:30.809Z"}
{"level":"info","message":"[Sun May 07 2017 20:35:30 GMT-0700 (PDT)]Executing (default): SELECT `id`, `title`, `done`, `created_at`, `updated_at`, `user_id` FROM `Tasks` AS `Tasks` WHERE `Tasks`.`user_id` = 184;","timestamp":"2017-05-08T03:35:30.819Z"}
{"level":"info","message":"::1 - - [08/May/2017:03:35:30 +0000] \"GET /tasks HTTP/1.1\" 200 204\n","timestamp":"2017-05-08T03:35:30.822Z"}
{"level":"info","message":"::1 - - [08/May/2017:03:35:34 +0000] \"OPTIONS /tasks/16 HTTP/1.1\" 204 -\n","timestamp":"2017-05-08T03:35:34.819Z"}
{"level":"info","message":"[Sun May 07 2017 20:35:34 GMT-0700 (PDT)]Executing (default): SELECT `id`, `name`, `password`, `email`, `created_at`, `updated_at` FROM `Users` AS `Users` WHERE `Users`.`id` = 184;","timestamp":"2017-05-08T03:35:34.831Z"}
{"level":"info","message":"[Sun May 07 2017 20:35:34 GMT-0700 (PDT)]Executing (default): UPDATE `Tasks` SET `done`=1,`updated_at`='2017-05-08 03:35:34.833 +00:00' WHERE `id` = '16' AND `user_id` = 184","timestamp":"2017-05-08T03:35:34.838Z"}
{"level":"info","message":"::1 - - [08/May/2017:03:35:34 +0000] \"PUT /tasks/16 HTTP/1.1\" 204 -\n","timestamp":"2017-05-08T03:35:34.848Z"}
{"level":"info","message":"::1 - - [08/May/2017:03:35:34 +0000] \"OPTIONS /tasks HTTP/1.1\" 204 -\n","timestamp":"2017-05-08T03:35:34.858Z"}
{"level":"info","message":"[Sun May 07 2017 20:35:34 GMT-0700 (PDT)]Executing (default): SELECT `id`, `name`, `password`, `email`, `created_at`, `updated_at` FROM `Users` AS `Users` WHERE `Users`.`id` = 184;","timestamp":"2017-05-08T03:35:34.874Z"}
{"level":"info","message":"[Sun May 07 2017 20:35:34 GMT-0700 (PDT)]Executing (default): SELECT `id`, `title`, `done`, `created_at`, `updated_at`, `user_id` FROM `Tasks` AS `Tasks` WHERE `Tasks`.`user_id` = 184;","timestamp":"2017-05-08T03:35:34.883Z"}
{"level":"info","message":"::1 - - [08/May/2017:03:35:34 +0000] \"GET /tasks HTTP/1.1\" 200 203\n","timestamp":"2017-05-08T03:35:34.887Z"}
{"level":"info","message":"::1 - - [08/May/2017:03:35:40 +0000] \"OPTIONS /tasks HTTP/1.1\" 204 -\n","timestamp":"2017-05-08T03:35:40.626Z"}
{"level":"info","message":"[Sun May 07 2017 20:35:40 GMT-0700 (PDT)]Executing (default): SELECT `id`, `name`, `password`, `email`, `created_at`, `updated_at` FROM `Users` AS `Users` WHERE `Users`.`id` = 184;","timestamp":"2017-05-08T03:35:40.641Z"}
{"level":"info","message":"[Sun May 07 2017 20:35:40 GMT-0700 (PDT)]Executing (default): INSERT INTO `Tasks` (`id`,`title`,`done`,`user_id`,`updated_at`,`created_at`) VALUES (NULL,'aaa',0,184,'2017-05-08 03:35:40.647 +00:00','2017-05-08 03:35:40.647 +00:00');","timestamp":"2017-05-08T03:35:40.650Z"}
{"level":"info","message":"::1 - - [08/May/2017:03:35:40 +0000] \"POST /tasks HTTP/1.1\" 200 167\n","timestamp":"2017-05-08T03:35:40.660Z"}
{"level":"info","message":"::1 - - [08/May/2017:03:35:40 +0000] \"OPTIONS /tasks HTTP/1.1\" 204 -\n","timestamp":"2017-05-08T03:35:40.668Z"}
{"level":"info","message":"[Sun May 07 2017 20:35:40 GMT-0700 (PDT)]Executing (default): SELECT `id`, `name`, `password`, `email`, `created_at`, `updated_at` FROM `Users` AS `Users` WHERE `Users`.`id` = 184;","timestamp":"2017-05-08T03:35:40.682Z"}
{"level":"info","message":"[Sun May 07 2017 20:35:40 GMT-0700 (PDT)]Executing (default): SELECT `id`, `title`, `done`, `created_at`, `updated_at`, `user_id` FROM `Tasks` AS `Tasks` WHERE `Tasks`.`user_id` = 184;","timestamp":"2017-05-08T03:35:40.688Z"}
{"level":"info","message":"::1 - - [08/May/2017:03:35:40 +0000] \"GET /tasks HTTP/1.1\" 200 404\n","timestamp":"2017-05-08T03:35:40.691Z"}
{"level":"info","message":"::1 - - [08/May/2017:03:35:47 +0000] \"OPTIONS /user HTTP/1.1\" 204 -\n","timestamp":"2017-05-08T03:35:47.672Z"}
{"level":"info","message":"[Sun May 07 2017 20:35:47 GMT-0700 (PDT)]Executing (default): SELECT `id`, `name`, `password`, `email`, `created_at`, `updated_at` FROM `Users` AS `Users` WHERE `Users`.`id` = 184;","timestamp":"2017-05-08T03:35:47.682Z"}
{"level":"info","message":"[Sun May 07 2017 20:35:47 GMT-0700 (PDT)]Executing (default): SELECT `id`, `name`, `email` FROM `Users` AS `Users` WHERE `Users`.`id` = 184;","timestamp":"2017-05-08T03:35:47.685Z"}
{"level":"info","message":"::1 - - [08/May/2017:03:35:47 +0000] \"GET /user HTTP/1.1\" 200 69\n","timestamp":"2017-05-08T03:35:47.689Z"}
{"level":"info","message":"::1 - - [08/May/2017:03:36:00 +0000] \"OPTIONS /user HTTP/1.1\" 204 -\n","timestamp":"2017-05-08T03:36:00.540Z"}
{"level":"info","message":"[Sun May 07 2017 20:36:00 GMT-0700 (PDT)]Executing (default): SELECT `id`, `name`, `password`, `email`, `created_at`, `updated_at` FROM `Users` AS `Users` WHERE `Users`.`id` = 184;","timestamp":"2017-05-08T03:36:00.555Z"}
{"level":"info","message":"[Sun May 07 2017 20:36:00 GMT-0700 (PDT)]Executing (default): DELETE FROM `Users` WHERE `id` = NULL","timestamp":"2017-05-08T03:36:00.565Z"}
{"level":"info","message":"::1 - - [08/May/2017:03:36:00 +0000] \"DELETE /user HTTP/1.1\" 204 -\n","timestamp":"2017-05-08T03:36:00.569Z"}
{"level":"info","message":"::1 - - [08/May/2017:03:36:16 +0000] \"OPTIONS /token HTTP/1.1\" 204 -\n","timestamp":"2017-05-08T03:36:16.691Z"}
{"level":"info","message":"[Sun May 07 2017 20:36:16 GMT-0700 (PDT)]Executing (default): SELECT `id`, `name`, `password`, `email`, `created_at`, `updated_at` FROM `Users` AS `Users` WHERE `Users`.`email` = 'nn_479@163.com' LIMIT 1;","timestamp":"2017-05-08T03:36:16.701Z"}
{"level":"info","message":"::1 - - [08/May/2017:03:36:16 +0000] \"POST /token HTTP/1.1\" 200 114\n","timestamp":"2017-05-08T03:36:16.785Z"}
{"level":"info","message":"::1 - - [08/May/2017:03:36:16 +0000] \"OPTIONS /tasks HTTP/1.1\" 204 -\n","timestamp":"2017-05-08T03:36:16.794Z"}
{"level":"info","message":"[Sun May 07 2017 20:36:16 GMT-0700 (PDT)]Executing (default): SELECT `id`, `name`, `password`, `email`, `created_at`, `updated_at` FROM `Users` AS `Users` WHERE `Users`.`id` = 184;","timestamp":"2017-05-08T03:36:16.811Z"}
{"level":"info","message":"[Sun May 07 2017 20:36:16 GMT-0700 (PDT)]Executing (default): SELECT `id`, `title`, `done`, `created_at`, `updated_at`, `user_id` FROM `Tasks` AS `Tasks` WHERE `Tasks`.`user_id` = 184;","timestamp":"2017-05-08T03:36:16.815Z"}
{"level":"info","message":"::1 - - [08/May/2017:03:36:16 +0000] \"GET /tasks HTTP/1.1\" 200 404\n","timestamp":"2017-05-08T03:36:16.818Z"}
{"level":"info","message":"::1 - - [08/May/2017:03:36:22 +0000] \"OPTIONS /user HTTP/1.1\" 204 -\n","timestamp":"2017-05-08T03:36:22.696Z"}
{"level":"info","message":"[Sun May 07 2017 20:36:22 GMT-0700 (PDT)]Executing (default): SELECT `id`, `name`, `password`, `email`, `created_at`, `updated_at` FROM `Users` AS `Users` WHERE `Users`.`id` = 184;","timestamp":"2017-05-08T03:36:22.711Z"}
{"level":"info","message":"[Sun May 07 2017 20:36:22 GMT-0700 (PDT)]Executing (default): SELECT `id`, `name`, `email` FROM `Users` AS `Users` WHERE `Users`.`id` = 184;","timestamp":"2017-05-08T03:36:22.719Z"}
{"level":"info","message":"::1 - - [08/May/2017:03:36:22 +0000] \"GET /user HTTP/1.1\" 200 69\n","timestamp":"2017-05-08T03:36:22.722Z"}
{"level":"info","message":"::1 - - [08/May/2017:03:36:28 +0000] \"OPTIONS /user HTTP/1.1\" 204 -\n","timestamp":"2017-05-08T03:36:28.930Z"}
{"level":"info","message":"[Sun May 07 2017 20:36:28 GMT-0700 (PDT)]Executing (default): SELECT `id`, `name`, `password`, `email`, `created_at`, `updated_at` FROM `Users` AS `Users` WHERE `Users`.`id` = 184;","timestamp":"2017-05-08T03:36:28.943Z"}
{"level":"info","message":"[Sun May 07 2017 20:36:28 GMT-0700 (PDT)]Executing (default): DELETE FROM `Users` WHERE `id` = NULL","timestamp":"2017-05-08T03:36:28.945Z"}
{"level":"info","message":"::1 - - [08/May/2017:03:36:28 +0000] \"DELETE /user HTTP/1.1\" 204 -\n","timestamp":"2017-05-08T03:36:28.948Z"}
{"level":"info","message":"::1 - - [08/May/2017:03:36:34 +0000] \"OPTIONS /token HTTP/1.1\" 204 -\n","timestamp":"2017-05-08T03:36:34.812Z"}
{"level":"info","message":"::1 - - [08/May/2017:03:36:34 +0000] \"POST /token HTTP/1.1\" 401 12\n","timestamp":"2017-05-08T03:36:34.821Z"}
{"level":"info","message":"::1 - - [08/May/2017:03:37:00 +0000] \"OPTIONS /token HTTP/1.1\" 204 -\n","timestamp":"2017-05-08T03:37:00.497Z"}
{"level":"info","message":"[Sun May 07 2017 20:37:00 GMT-0700 (PDT)]Executing (default): SELECT `id`, `name`, `password`, `email`, `created_at`, `updated_at` FROM `Users` AS `Users` WHERE `Users`.`email` = 'amies.shen@gmail.com' LIMIT 1;","timestamp":"2017-05-08T03:37:00.507Z"}
{"level":"info","message":"::1 - - [08/May/2017:03:37:00 +0000] \"POST /token HTTP/1.1\" 200 114\n","timestamp":"2017-05-08T03:37:00.598Z"}
{"level":"info","message":"::1 - - [08/May/2017:03:37:00 +0000] \"OPTIONS /tasks HTTP/1.1\" 204 -\n","timestamp":"2017-05-08T03:37:00.611Z"}
{"level":"info","message":"[Sun May 07 2017 20:37:00 GMT-0700 (PDT)]Executing (default): SELECT `id`, `name`, `password`, `email`, `created_at`, `updated_at` FROM `Users` AS `Users` WHERE `Users`.`id` = 186;","timestamp":"2017-05-08T03:37:00.620Z"}
{"level":"info","message":"[Sun May 07 2017 20:37:00 GMT-0700 (PDT)]Executing (default): SELECT `id`, `title`, `done`, `created_at`, `updated_at`, `user_id` FROM `Tasks` AS `Tasks` WHERE `Tasks`.`user_id` = 186;","timestamp":"2017-05-08T03:37:00.623Z"}
{"level":"info","message":"::1 - - [08/May/2017:03:37:00 +0000] \"GET /tasks HTTP/1.1\" 200 203\n","timestamp":"2017-05-08T03:37:00.626Z"}
{"level":"info","message":"::1 - - [08/May/2017:03:37:03 +0000] \"OPTIONS /user HTTP/1.1\" 204 -\n","timestamp":"2017-05-08T03:37:03.548Z"}
{"level":"info","message":"[Sun May 07 2017 20:37:03 GMT-0700 (PDT)]Executing (default): SELECT `id`, `name`, `password`, `email`, `created_at`, `updated_at` FROM `Users` AS `Users` WHERE `Users`.`id` = 186;","timestamp":"2017-05-08T03:37:03.572Z"}
{"level":"info","message":"[Sun May 07 2017 20:37:03 GMT-0700 (PDT)]Executing (default): SELECT `id`, `name`, `email` FROM `Users` AS `Users` WHERE `Users`.`id` = 186;","timestamp":"2017-05-08T03:37:03.578Z"}
{"level":"info","message":"::1 - - [08/May/2017:03:37:03 +0000] \"GET /user HTTP/1.1\" 200 75\n","timestamp":"2017-05-08T03:37:03.584Z"}
